<?xml version="1.0" encoding="UTF-8"?>
<!-- Generated by org.testng.reporters.JUnitReportReporter -->
<testsuite hostname="DESKTOP-L24NCKJ" failures="0" tests="3" name="com.testng.dataprovider.excel.Sample" time="55.759" errors="0" timestamp="25 Oct 2023 16:18:32 GMT" skipped="0">
  <testcase classname="com.testng.dataprovider.excel.Sample" name="TestLogin" time="11.380"/>
  <testcase classname="com.testng.dataprovider.excel.Sample" name="TestLogin" time="32.809"/>
  <testcase classname="com.testng.dataprovider.excel.Sample" name="TestLogin" time="11.570"/>
</testsuite> <!-- com.testng.dataprovider.excel.Sample -->
